sdk/build/intermediates/manifest_merge_blame_file/debug/manifest-merger-blame-debug-report.txt
1<?xml version="1.0" encoding="utf-8"?>
2<manifest xmlns:android="http://schemas.android.com/apk/res/android"
3    package="com.paymaya.sdk.android"
4    android:versionCode="14"
5    android:versionName="1.14" >
6
7    <uses-sdk
8        android:minSdkVersion="16"
8-->src\main\AndroidManifest.xml
9        android:targetSdkVersion="29" />
9-->src\main\AndroidManifest.xml
10
11    <uses-permission android:name="android.permission.INTERNET" />
11-->src\main\AndroidManifest.xml:5:5-67
11-->src\main\AndroidManifest.xml:5:22-64
12
13    <application>
13-->src\main\AndroidManifest.xml:7:5-25:19
14        <activity
14-->src\main\AndroidManifest.xml:9:9-11:62
15            android:name="com.paymaya.sdk.android.checkout.internal.CheckoutActivity"
15-->src\main\AndroidManifest.xml:10:13-63
16            android:configChanges="orientation|screenSize" />
16-->src\main\AndroidManifest.xml:11:13-59
17        <activity
17-->src\main\AndroidManifest.xml:13:9-15:62
18            android:name="com.paymaya.sdk.android.paywithpaymaya.internal.SinglePaymentActivity"
18-->src\main\AndroidManifest.xml:14:13-74
19            android:configChanges="orientation|screenSize" />
19-->src\main\AndroidManifest.xml:15:13-59
20        <activity
20-->src\main\AndroidManifest.xml:17:9-19:62
21            android:name="com.paymaya.sdk.android.paywithpaymaya.internal.CreateWalletLinkActivity"
21-->src\main\AndroidManifest.xml:18:13-77
22            android:configChanges="orientation|screenSize" />
22-->src\main\AndroidManifest.xml:19:13-59
23        <activity
23-->src\main\AndroidManifest.xml:21:9-23:62
24            android:name="com.paymaya.sdk.android.vault.internal.screen.TokenizeCardActivity"
24-->src\main\AndroidManifest.xml:22:13-71
25            android:configChanges="orientation|screenSize" />
25-->src\main\AndroidManifest.xml:23:13-59
26    </application>
27
28</manifest>